<?xml version="1.0" encoding="UTF-8"?>
<!-- Generated by org.testng.reporters.JUnitXMLReporter -->
<testsuite hostname="Rajeev" name="BankingApp Test" tests="1" failures="0" timestamp="27 Apr 2021 14:24:39 GMT" time="4.284" errors="0">
  <testcase name="@BeforeMethod setup" time="0.0" classname="com.Eccomerce.TestCase.LoginTest">
    <failure type="org.openqa.selenium.SessionNotCreatedException" message="session not created: This version of ChromeDriver only supports Chrome version 88
Current browser version is 90.0.4430.85 with binary path C:\Program Files (x86)\Google\Chrome\Application\chrome.exe
Build info: version: &amp;apos;3.141.59&amp;apos;, revision: &amp;apos;e82be7d358&amp;apos;, time: &amp;apos;2018-11-14T08:17:03&amp;apos;
System info: host: &amp;apos;RAJEEV&amp;apos;, ip: &amp;apos;192.168.0.107&amp;apos;, os.name: &amp;apos;Windows 8&amp;apos;, os.arch: &amp;apos;amd64&amp;apos;, os.version: &amp;apos;6.2&amp;apos;, java.version: &amp;apos;1.8.0_181&amp;apos;
Driver info: driver.version: ChromeDriver
remote stacktrace: Backtrace:
	GetHandleVerifier [0x00D3B963+483]
	GetHandleVerifier [0x00D3B941+449]
	GetHandleVerifier [0x010E3308+3832712]
	GetHandleVerifier [0x010FD69A+3940122]
	GetHandleVerifier [0x010F9AFB+3924859]
	GetHandleVerifier [0x010F7D9C+3917340]
	GetHandleVerifier [0x0111E7FE+4075646]
	GetHandleVerifier [0x0111E56C+4074988]
	GetHandleVerifier [0x0111B2EB+4062059]
	GetHandleVerifier [0x010FED14+3945876]
	GetHandleVerifier [0x010FFBCE+3949646]
	GetHandleVerifier [0x010FFB59+3949529]
	Ordinal0 [0x00CFB5CC+46540]
	Ordinal0 [0x00CF9F53+40787]
	Ordinal0 [0x00CF9B12+39698]
	GetHandleVerifier [0x01001468+2907368]
	GetHandleVerifier [0x00E471EE+1096302]
	GetHandleVerifier [0x00E03E8D+821005]
	GetHandleVerifier [0x00E0396B+819691]
	GetHandleVerifier [0x00E03881+819457]
	GetHandleVerifier [0x00E2F463+998627]
	BaseThreadInitThunk [0x75DC86E3+14]
	RtlInitializeExceptionChain [0x778BBD99+133]
	RtlInitializeExceptionChain [0x778BBD6C+88]
">
      <![CDATA[org.openqa.selenium.SessionNotCreatedException: session not created: This version of ChromeDriver only supports Chrome version 88
Current browser version is 90.0.4430.85 with binary path C:\Program Files (x86)\Google\Chrome\Application\chrome.exe
Build info: version: '3.141.59', revision: 'e82be7d358', time: '2018-11-14T08:17:03'
System info: host: 'RAJEEV', ip: '192.168.0.107', os.name: 'Windows 8', os.arch: 'amd64', os.version: '6.2', java.version: '1.8.0_181'
Driver info: driver.version: ChromeDriver
remote stacktrace: Backtrace:
	GetHandleVerifier [0x00D3B963+483]
	GetHandleVerifier [0x00D3B941+449]
	GetHandleVerifier [0x010E3308+3832712]
	GetHandleVerifier [0x010FD69A+3940122]
	GetHandleVerifier [0x010F9AFB+3924859]
	GetHandleVerifier [0x010F7D9C+3917340]
	GetHandleVerifier [0x0111E7FE+4075646]
	GetHandleVerifier [0x0111E56C+4074988]
	GetHandleVerifier [0x0111B2EB+4062059]
	GetHandleVerifier [0x010FED14+3945876]
	GetHandleVerifier [0x010FFBCE+3949646]
	GetHandleVerifier [0x010FFB59+3949529]
	Ordinal0 [0x00CFB5CC+46540]
	Ordinal0 [0x00CF9F53+40787]
	Ordinal0 [0x00CF9B12+39698]
	GetHandleVerifier [0x01001468+2907368]
	GetHandleVerifier [0x00E471EE+1096302]
	GetHandleVerifier [0x00E03E8D+821005]
	GetHandleVerifier [0x00E0396B+819691]
	GetHandleVerifier [0x00E03881+819457]
	GetHandleVerifier [0x00E2F463+998627]
	BaseThreadInitThunk [0x75DC86E3+14]
	RtlInitializeExceptionChain [0x778BBD99+133]
	RtlInitializeExceptionChain [0x778BBD6C+88]

	at org.openqa.selenium.remote.W3CHandshakeResponse.lambda$errorHandler$0(W3CHandshakeResponse.java:62)
	at org.openqa.selenium.remote.HandshakeResponse.lambda$getResponseFunction$0(HandshakeResponse.java:30)
	at org.openqa.selenium.remote.ProtocolHandshake.lambda$createSession$0(ProtocolHandshake.java:126)
	at java.util.stream.ReferencePipeline$3$1.accept(ReferencePipeline.java:193)
	at java.util.Spliterators$ArraySpliterator.tryAdvance(Spliterators.java:958)
	at java.util.stream.ReferencePipeline.forEachWithCancel(ReferencePipeline.java:126)
	at java.util.stream.AbstractPipeline.copyIntoWithCancel(AbstractPipeline.java:498)
	at java.util.stream.AbstractPipeline.copyInto(AbstractPipeline.java:485)
	at java.util.stream.AbstractPipeline.wrapAndCopyInto(AbstractPipeline.java:471)
	at java.util.stream.FindOps$FindOp.evaluateSequential(FindOps.java:152)
	at java.util.stream.AbstractPipeline.evaluate(AbstractPipeline.java:234)
	at java.util.stream.ReferencePipeline.findFirst(ReferencePipeline.java:464)
	at org.openqa.selenium.remote.ProtocolHandshake.createSession(ProtocolHandshake.java:128)
	at org.openqa.selenium.remote.ProtocolHandshake.createSession(ProtocolHandshake.java:74)
	at org.openqa.selenium.remote.HttpCommandExecutor.execute(HttpCommandExecutor.java:136)
	at org.openqa.selenium.remote.service.DriverCommandExecutor.execute(DriverCommandExecutor.java:83)
	at org.openqa.selenium.remote.RemoteWebDriver.execute(RemoteWebDriver.java:552)
	at org.openqa.selenium.remote.RemoteWebDriver.startSession(RemoteWebDriver.java:213)
	at org.openqa.selenium.remote.RemoteWebDriver.<init>(RemoteWebDriver.java:131)
	at org.openqa.selenium.chrome.ChromeDriver.<init>(ChromeDriver.java:181)
	at org.openqa.selenium.chrome.ChromeDriver.<init>(ChromeDriver.java:168)
	at org.openqa.selenium.chrome.ChromeDriver.<init>(ChromeDriver.java:123)
	at com.Eccomerce.TestCase.BaseClass.setup(BaseClass.java:43)
... Removed 30 stack frames]]>
    </failure>
  </testcase> <!-- @BeforeMethod setup -->
  <testcase name="@AfterMethod tearDown" time="0.0" classname="com.Eccomerce.TestCase.LoginTest">
    <skipped/>
  </testcase> <!-- @AfterMethod tearDown -->
  <testcase name="TestLogin" time="0.003" classname="com.Eccomerce.TestCase.LoginTest">
    <skipped/>
  </testcase> <!-- TestLogin -->
</testsuite> <!-- BankingApp Test -->
